<?xml version="1.0" encoding="UTF-8"?>
<!-- Generated by org.testng.reporters.JUnitReportReporter -->
<testsuite skipped="0" hostname="DESKTOP-KTE5JBA" name="com.nik.test.AutomateWebPage" tests="1" failures="0" timestamp="15 Nov 2021 22:33:12 GMT" time="6.492" errors="0">
  <testcase name="login" time="6.492" classname="com.nik.test.AutomateWebPage"/>
</testsuite> <!-- com.nik.test.AutomateWebPage -->
